<?xml version="1.0" encoding="UTF-8"?>
<testsuites name="Program" time="23.328" tests="1" failures="0" errors="0">
   <testsuite name="Program" tests="1" failures="0" errors="0" time="23.328" skipped="0" timestamp="2023-01-24 20:27:30" hostname="danie - lenovo.home" id="Test Suites/Program">
      <properties>
         <property name="deviceName" value=""/>
         <property name="devicePlatform" value=""/>
         <property name="logFolder" value="C:\\Users\\danie\\git\\fake-profile-views\\Reports\\20230124_202728\\Program\\20230124_202728"/>
         <property name="logFiles" value="C:\\Users\\danie\\git\\fake-profile-views\\Reports\\20230124_202728\\Program\\20230124_202728\\execution0.log"/>
         <property name="attachments" value=""/>
         <property name="hostName" value="danie - lenovo.home"/>
         <property name="os" value="Windows 10 64bit"/>
         <property name="katalonVersion" value="8.4.1.208"/>
         <property name="browser" value="Chrome 109.0.0.0"/>
         <property name="hostAddress" value="192.168.10.171"/>
         <property name="sessionId" value="3091cd75565efdbde3423ebb9bd7f2bb"/>
         <property name="seleniumVersion" value="3.141.59"/>
         <property name="proxyInformation" value="ProxyInformation { proxyOption=NO_PROXY, proxyServerType=HTTP, username=, password=********, proxyServerAddress=, proxyServerPort=0, executionList=&quot;&quot;, isApplyToDesiredCapabilities=true }"/>
         <property name="platform" value="Windows 10"/>
      </properties>
      <testcase name="Test Cases/Refresh" time="23.017" classname="Test Cases/Refresh" status="PASSED">
         <system-out><![CDATA[2023-01-24 20:27:31 - [TEST_CASE][PASSED] - Test Cases/Refresh: Test Cases/Refresh

2023-01-24 20:27:31 - [TEST_STEP][PASSED] - openBrowser(""): Browser is opened with url: ''

2023-01-24 20:27:31 - [MESSAGE][INFO] - Starting 'Chrome' driver

2023-01-24 20:27:31 - [MESSAGE][INFO] - Action delay is set to 0 milliseconds

2023-01-24 20:27:33 - [MESSAGE][PASSED] - Browser is opened with url: ''

2023-01-24 20:27:33 - [TEST_STEP][PASSED] - navigateToUrl("http://github.com/DanielBoye"): Navigate to 'http://github.com/DanielBoye' successfully

2023-01-24 20:27:37 - [MESSAGE][PASSED] - Navigate to 'http://github.com/DanielBoye' successfully

2023-01-24 20:27:37 - [TEST_STEP][PASSED] - for ([i = 1, i <= 20, (i++)]): Refresh successfully

2023-01-24 20:27:37 - [TEST_STEP][PASSED] - refresh(): Refresh successfully

2023-01-24 20:27:37 - [MESSAGE][PASSED] - Refresh successfully

2023-01-24 20:27:37 - [TEST_STEP][PASSED] - refresh(): Refresh successfully

2023-01-24 20:27:38 - [MESSAGE][PASSED] - Refresh successfully

2023-01-24 20:27:38 - [TEST_STEP][PASSED] - refresh(): Refresh successfully

2023-01-24 20:27:40 - [MESSAGE][PASSED] - Refresh successfully

2023-01-24 20:27:40 - [TEST_STEP][PASSED] - refresh(): Refresh successfully

2023-01-24 20:27:40 - [MESSAGE][PASSED] - Refresh successfully

2023-01-24 20:27:40 - [TEST_STEP][PASSED] - refresh(): Refresh successfully

2023-01-24 20:27:41 - [MESSAGE][PASSED] - Refresh successfully

2023-01-24 20:27:41 - [TEST_STEP][PASSED] - refresh(): Refresh successfully

2023-01-24 20:27:42 - [MESSAGE][PASSED] - Refresh successfully

2023-01-24 20:27:42 - [TEST_STEP][PASSED] - refresh(): Refresh successfully

2023-01-24 20:27:42 - [MESSAGE][PASSED] - Refresh successfully

2023-01-24 20:27:42 - [TEST_STEP][PASSED] - refresh(): Refresh successfully

2023-01-24 20:27:43 - [MESSAGE][PASSED] - Refresh successfully

2023-01-24 20:27:43 - [TEST_STEP][PASSED] - refresh(): Refresh successfully

2023-01-24 20:27:44 - [MESSAGE][PASSED] - Refresh successfully

2023-01-24 20:27:44 - [TEST_STEP][PASSED] - refresh(): Refresh successfully

2023-01-24 20:27:45 - [MESSAGE][PASSED] - Refresh successfully

2023-01-24 20:27:45 - [TEST_STEP][PASSED] - refresh(): Refresh successfully

2023-01-24 20:27:45 - [MESSAGE][PASSED] - Refresh successfully

2023-01-24 20:27:46 - [TEST_STEP][PASSED] - refresh(): Refresh successfully

2023-01-24 20:27:46 - [MESSAGE][PASSED] - Refresh successfully

2023-01-24 20:27:46 - [TEST_STEP][PASSED] - refresh(): Refresh successfully

2023-01-24 20:27:47 - [MESSAGE][PASSED] - Refresh successfully

2023-01-24 20:27:47 - [TEST_STEP][PASSED] - refresh(): Refresh successfully

2023-01-24 20:27:48 - [MESSAGE][PASSED] - Refresh successfully

2023-01-24 20:27:48 - [TEST_STEP][PASSED] - refresh(): Refresh successfully

2023-01-24 20:27:49 - [MESSAGE][PASSED] - Refresh successfully

2023-01-24 20:27:49 - [TEST_STEP][PASSED] - refresh(): Refresh successfully

2023-01-24 20:27:50 - [MESSAGE][PASSED] - Refresh successfully

2023-01-24 20:27:50 - [TEST_STEP][PASSED] - refresh(): Refresh successfully

2023-01-24 20:27:51 - [MESSAGE][PASSED] - Refresh successfully

2023-01-24 20:27:51 - [TEST_STEP][PASSED] - refresh(): Refresh successfully

2023-01-24 20:27:52 - [MESSAGE][PASSED] - Refresh successfully

2023-01-24 20:27:52 - [TEST_STEP][PASSED] - refresh(): Refresh successfully

2023-01-24 20:27:52 - [MESSAGE][PASSED] - Refresh successfully

2023-01-24 20:27:52 - [TEST_STEP][PASSED] - refresh(): Refresh successfully

2023-01-24 20:27:53 - [MESSAGE][PASSED] - Refresh successfully

2023-01-24 20:27:53 - [TEST_STEP][PASSED] - closeBrowser(): Browser is closed

2023-01-24 20:27:54 - [MESSAGE][PASSED] - Browser is closed]]></system-out>
         <system-err><![CDATA[]]></system-err>
      </testcase>
      <system-out><![CDATA[2023-01-24 20:27:30 - [TEST_SUITE][PASSED] - Program: Test Cases/Refresh]]></system-out>
      <system-err><![CDATA[]]></system-err>
   </testsuite>
</testsuites>
