<?xml version="1.0" encoding="UTF-8"?>
<testsuites name="Program" time="25.706" tests="1" failures="0" errors="0">
   <testsuite name="Program" tests="1" failures="0" errors="0" time="25.706" skipped="0" timestamp="2023-01-24 20:25:59" hostname="danie - lenovo.home" id="Test Suites/Program">
      <properties>
         <property name="deviceName" value=""/>
         <property name="devicePlatform" value=""/>
         <property name="logFolder" value="C:\\Users\\danie\\git\\fake-profile-views\\Reports\\20230124_202556\\Program\\20230124_202556"/>
         <property name="logFiles" value="C:\\Users\\danie\\git\\fake-profile-views\\Reports\\20230124_202556\\Program\\20230124_202556\\execution0.log"/>
         <property name="attachments" value=""/>
         <property name="hostName" value="danie - lenovo.home"/>
         <property name="os" value="Windows 10 64bit"/>
         <property name="katalonVersion" value="8.4.1.208"/>
         <property name="browser" value="Chrome 109.0.0.0"/>
         <property name="hostAddress" value="192.168.10.171"/>
         <property name="sessionId" value="8e206d07e3612d243251365b6fce9891"/>
         <property name="seleniumVersion" value="3.141.59"/>
         <property name="proxyInformation" value="ProxyInformation { proxyOption=NO_PROXY, proxyServerType=HTTP, username=, password=********, proxyServerAddress=, proxyServerPort=0, executionList=&quot;&quot;, isApplyToDesiredCapabilities=true }"/>
         <property name="platform" value="Windows 10"/>
      </properties>
      <testcase name="Test Cases/Refresh" time="25.376" classname="Test Cases/Refresh" status="PASSED">
         <system-out><![CDATA[2023-01-24 20:26:00 - [TEST_CASE][PASSED] - Test Cases/Refresh: Test Cases/Refresh

2023-01-24 20:26:00 - [TEST_STEP][PASSED] - openBrowser(""): Browser is opened with url: ''

2023-01-24 20:26:00 - [MESSAGE][INFO] - Starting 'Chrome' driver

2023-01-24 20:26:00 - [MESSAGE][INFO] - Action delay is set to 0 milliseconds

2023-01-24 20:26:02 - [MESSAGE][PASSED] - Browser is opened with url: ''

2023-01-24 20:26:02 - [TEST_STEP][PASSED] - navigateToUrl("http://github.com/DanielBoye"): Navigate to 'http://github.com/DanielBoye' successfully

2023-01-24 20:26:06 - [MESSAGE][PASSED] - Navigate to 'http://github.com/DanielBoye' successfully

2023-01-24 20:26:06 - [TEST_STEP][PASSED] - for ([i = 1, i <= 20, (i++)]): Refresh successfully

2023-01-24 20:26:06 - [TEST_STEP][PASSED] - refresh(): Refresh successfully

2023-01-24 20:26:06 - [MESSAGE][PASSED] - Refresh successfully

2023-01-24 20:26:06 - [TEST_STEP][PASSED] - refresh(): Refresh successfully

2023-01-24 20:26:08 - [MESSAGE][PASSED] - Refresh successfully

2023-01-24 20:26:08 - [TEST_STEP][PASSED] - refresh(): Refresh successfully

2023-01-24 20:26:09 - [MESSAGE][PASSED] - Refresh successfully

2023-01-24 20:26:09 - [TEST_STEP][PASSED] - refresh(): Refresh successfully

2023-01-24 20:26:10 - [MESSAGE][PASSED] - Refresh successfully

2023-01-24 20:26:10 - [TEST_STEP][PASSED] - refresh(): Refresh successfully

2023-01-24 20:26:11 - [MESSAGE][PASSED] - Refresh successfully

2023-01-24 20:26:11 - [TEST_STEP][PASSED] - refresh(): Refresh successfully

2023-01-24 20:26:12 - [MESSAGE][PASSED] - Refresh successfully

2023-01-24 20:26:12 - [TEST_STEP][PASSED] - refresh(): Refresh successfully

2023-01-24 20:26:12 - [MESSAGE][PASSED] - Refresh successfully

2023-01-24 20:26:12 - [TEST_STEP][PASSED] - refresh(): Refresh successfully

2023-01-24 20:26:13 - [MESSAGE][PASSED] - Refresh successfully

2023-01-24 20:26:13 - [TEST_STEP][PASSED] - refresh(): Refresh successfully

2023-01-24 20:26:14 - [MESSAGE][PASSED] - Refresh successfully

2023-01-24 20:26:14 - [TEST_STEP][PASSED] - refresh(): Refresh successfully

2023-01-24 20:26:15 - [MESSAGE][PASSED] - Refresh successfully

2023-01-24 20:26:15 - [TEST_STEP][PASSED] - refresh(): Refresh successfully

2023-01-24 20:26:15 - [MESSAGE][PASSED] - Refresh successfully

2023-01-24 20:26:15 - [TEST_STEP][PASSED] - refresh(): Refresh successfully

2023-01-24 20:26:16 - [MESSAGE][PASSED] - Refresh successfully

2023-01-24 20:26:16 - [TEST_STEP][PASSED] - refresh(): Refresh successfully

2023-01-24 20:26:17 - [MESSAGE][PASSED] - Refresh successfully

2023-01-24 20:26:17 - [TEST_STEP][PASSED] - refresh(): Refresh successfully

2023-01-24 20:26:17 - [MESSAGE][PASSED] - Refresh successfully

2023-01-24 20:26:17 - [TEST_STEP][PASSED] - refresh(): Refresh successfully

2023-01-24 20:26:18 - [MESSAGE][PASSED] - Refresh successfully

2023-01-24 20:26:18 - [TEST_STEP][PASSED] - refresh(): Refresh successfully

2023-01-24 20:26:19 - [MESSAGE][PASSED] - Refresh successfully

2023-01-24 20:26:19 - [TEST_STEP][PASSED] - refresh(): Refresh successfully

2023-01-24 20:26:20 - [MESSAGE][PASSED] - Refresh successfully

2023-01-24 20:26:20 - [TEST_STEP][PASSED] - refresh(): Refresh successfully

2023-01-24 20:26:21 - [MESSAGE][PASSED] - Refresh successfully

2023-01-24 20:26:21 - [TEST_STEP][PASSED] - refresh(): Refresh successfully

2023-01-24 20:26:24 - [MESSAGE][PASSED] - Refresh successfully

2023-01-24 20:26:24 - [TEST_STEP][PASSED] - refresh(): Refresh successfully

2023-01-24 20:26:24 - [MESSAGE][PASSED] - Refresh successfully

2023-01-24 20:26:24 - [TEST_STEP][PASSED] - closeBrowser(): Browser is closed

2023-01-24 20:26:25 - [MESSAGE][PASSED] - Browser is closed]]></system-out>
         <system-err><![CDATA[]]></system-err>
      </testcase>
      <system-out><![CDATA[2023-01-24 20:25:59 - [TEST_SUITE][PASSED] - Program: Test Cases/Refresh]]></system-out>
      <system-err><![CDATA[]]></system-err>
   </testsuite>
</testsuites>
